[     304ms] [INFO] %cDownload the React DevTools for a better development experience: https://reactjs.org/link/react-devtools font-weight:bold @ webpack-internal:///(app-pages-browser)/../node_modules/next/dist/compiled/react-dom/cjs/react-dom.development.js:38559
[     377ms] [LOG] %c
      /\_/\
     ( o.o )   MEEKO SEES YOU.
      > ^ <
   You found the litter box.
   The prophecy is real.
 color:#C8FF00;font-family:monospace;font-size:12px;font-weight:bold; @ webpack-internal:///(app-pages-browser)/./components/eggs/EggLayer.tsx:25
[     388ms] [LOG] %c
      /\_/\
     ( o.o )   MEEKO SEES YOU.
      > ^ <
   You found the litter box.
   The prophecy is real.
 color:#C8FF00;font-family:monospace;font-size:12px;font-weight:bold; @ webpack-internal:///(app-pages-browser)/./components/eggs/EggLayer.tsx:25
[     428ms] [WARNING] Warning: <path> length cannot be measured when vector-effect is non-scaling-stroke and the element isn't proportionally scaled. @ webpack-internal:///(app-pages-browser)/../node_modules/gsap/DrawSVGPlugin.js:57
[   43048ms] [LOG] [Fast Refresh] rebuilding @ webpack-internal:///(app-pages-browser)/../node_modules/next/dist/client/components/react-dev-overlay/app/hot-reloader-client.js:186
[   43316ms] [LOG] [Fast Refresh] done in 269ms @ webpack-internal:///(app-pages-browser)/../node_modules/next/dist/client/components/react-dev-overlay/app/hot-reloader-client.js:43
[   43870ms] [LOG] THREE.WebGLRenderer: Context Lost. @ webpack-internal:///(app-pages-browser)/../node_modules/three/build/three.module.js:29947
[  518117ms] [LOG] [Fast Refresh] rebuilding @ webpack-internal:///(app-pages-browser)/../node_modules/next/dist/client/components/react-dev-overlay/app/hot-reloader-client.js:186
[  518461ms] [LOG] [Fast Refresh] done in 344ms @ webpack-internal:///(app-pages-browser)/../node_modules/next/dist/client/components/react-dev-overlay/app/hot-reloader-client.js:43
[  520160ms] [LOG] [Fast Refresh] rebuilding @ webpack-internal:///(app-pages-browser)/../node_modules/next/dist/client/components/react-dev-overlay/app/hot-reloader-client.js:186
[  520329ms] [LOG] [Fast Refresh] done in 169ms @ webpack-internal:///(app-pages-browser)/../node_modules/next/dist/client/components/react-dev-overlay/app/hot-reloader-client.js:43
[  522391ms] [LOG] [Fast Refresh] rebuilding @ webpack-internal:///(app-pages-browser)/../node_modules/next/dist/client/components/react-dev-overlay/app/hot-reloader-client.js:186
[  522515ms] [LOG] [Fast Refresh] done in 124ms @ webpack-internal:///(app-pages-browser)/../node_modules/next/dist/client/components/react-dev-overlay/app/hot-reloader-client.js:43
[  524806ms] [LOG] [Fast Refresh] rebuilding @ webpack-internal:///(app-pages-browser)/../node_modules/next/dist/client/components/react-dev-overlay/app/hot-reloader-client.js:186
[  524982ms] [LOG] [Fast Refresh] done in 175ms @ webpack-internal:///(app-pages-browser)/../node_modules/next/dist/client/components/react-dev-overlay/app/hot-reloader-client.js:43
[  527130ms] [LOG] [Fast Refresh] rebuilding @ webpack-internal:///(app-pages-browser)/../node_modules/next/dist/client/components/react-dev-overlay/app/hot-reloader-client.js:186
[  527254ms] [LOG] [Fast Refresh] done in 123ms @ webpack-internal:///(app-pages-browser)/../node_modules/next/dist/client/components/react-dev-overlay/app/hot-reloader-client.js:43
[  529024ms] [LOG] [Fast Refresh] rebuilding @ webpack-internal:///(app-pages-browser)/../node_modules/next/dist/client/components/react-dev-overlay/app/hot-reloader-client.js:186
[  529140ms] [LOG] [Fast Refresh] done in 115ms @ webpack-internal:///(app-pages-browser)/../node_modules/next/dist/client/components/react-dev-overlay/app/hot-reloader-client.js:43
[  531168ms] [LOG] [Fast Refresh] rebuilding @ webpack-internal:///(app-pages-browser)/../node_modules/next/dist/client/components/react-dev-overlay/app/hot-reloader-client.js:186
[  531236ms] [LOG] [Fast Refresh] done in 68ms @ webpack-internal:///(app-pages-browser)/../node_modules/next/dist/client/components/react-dev-overlay/app/hot-reloader-client.js:43
[  547864ms] [INFO] %cDownload the React DevTools for a better development experience: https://reactjs.org/link/react-devtools font-weight:bold @ webpack-internal:///(app-pages-browser)/../node_modules/next/dist/compiled/react-dom/cjs/react-dom.development.js:38559
[  547933ms] [LOG] %c
      /\_/\
     ( o.o )   MEEKO SEES YOU.
      > ^ <
   You found the litter box.
   The prophecy is real.
 color:#C8FF00;font-family:monospace;font-size:12px;font-weight:bold; @ webpack-internal:///(app-pages-browser)/./components/eggs/EggLayer.tsx:25
[  547943ms] [LOG] %c
      /\_/\
     ( o.o )   MEEKO SEES YOU.
      > ^ <
   You found the litter box.
   The prophecy is real.
 color:#C8FF00;font-family:monospace;font-size:12px;font-weight:bold; @ webpack-internal:///(app-pages-browser)/./components/eggs/EggLayer.tsx:25
[  547974ms] [WARNING] Warning: <path> length cannot be measured when vector-effect is non-scaling-stroke and the element isn't proportionally scaled. @ webpack-internal:///(app-pages-browser)/../node_modules/gsap/DrawSVGPlugin.js:57
[  600443ms] [INFO] %cDownload the React DevTools for a better development experience: https://reactjs.org/link/react-devtools font-weight:bold @ webpack-internal:///(app-pages-browser)/../node_modules/next/dist/compiled/react-dom/cjs/react-dom.development.js:38559
[  600516ms] [LOG] %c
      /\_/\
     ( o.o )   MEEKO SEES YOU.
      > ^ <
   You found the litter box.
   The prophecy is real.
 color:#C8FF00;font-family:monospace;font-size:12px;font-weight:bold; @ webpack-internal:///(app-pages-browser)/./components/eggs/EggLayer.tsx:25
[  600526ms] [LOG] %c
      /\_/\
     ( o.o )   MEEKO SEES YOU.
      > ^ <
   You found the litter box.
   The prophecy is real.
 color:#C8FF00;font-family:monospace;font-size:12px;font-weight:bold; @ webpack-internal:///(app-pages-browser)/./components/eggs/EggLayer.tsx:25
[  605755ms] [INFO] %cDownload the React DevTools for a better development experience: https://reactjs.org/link/react-devtools font-weight:bold @ webpack-internal:///(app-pages-browser)/../node_modules/next/dist/compiled/react-dom/cjs/react-dom.development.js:38559
[  605797ms] [LOG] %c
      /\_/\
     ( o.o )   MEEKO SEES YOU.
      > ^ <
   You found the litter box.
   The prophecy is real.
 color:#C8FF00;font-family:monospace;font-size:12px;font-weight:bold; @ webpack-internal:///(app-pages-browser)/./components/eggs/EggLayer.tsx:25
[  605809ms] [LOG] %c
      /\_/\
     ( o.o )   MEEKO SEES YOU.
      > ^ <
   You found the litter box.
   The prophecy is real.
 color:#C8FF00;font-family:monospace;font-size:12px;font-weight:bold; @ webpack-internal:///(app-pages-browser)/./components/eggs/EggLayer.tsx:25
[  608357ms] [WARNING] Warning: <path> length cannot be measured when vector-effect is non-scaling-stroke and the element isn't proportionally scaled. @ webpack-internal:///(app-pages-browser)/../node_modules/gsap/DrawSVGPlugin.js:57
[  644194ms] [LOG] [Fast Refresh] rebuilding @ webpack-internal:///(app-pages-browser)/../node_modules/next/dist/client/components/react-dev-overlay/app/hot-reloader-client.js:186
[  644299ms] [LOG] [Fast Refresh] done in 104ms @ webpack-internal:///(app-pages-browser)/../node_modules/next/dist/client/components/react-dev-overlay/app/hot-reloader-client.js:43
[  647321ms] [LOG] [Fast Refresh] rebuilding @ webpack-internal:///(app-pages-browser)/../node_modules/next/dist/client/components/react-dev-overlay/app/hot-reloader-client.js:186
[  647436ms] [LOG] [Fast Refresh] done in 114ms @ webpack-internal:///(app-pages-browser)/../node_modules/next/dist/client/components/react-dev-overlay/app/hot-reloader-client.js:43
[18499702ms] [INFO] %cDownload the React DevTools for a better development experience: https://reactjs.org/link/react-devtools font-weight:bold @ webpack-internal:///(app-pages-browser)/../node_modules/next/dist/compiled/react-dom/cjs/react-dom.development.js:38559
[18499809ms] [LOG] %c
      /\_/\
     ( o.o )   MEEKO SEES YOU.
      > ^ <
   You found the litter box.
   The prophecy is real.
 color:#C8FF00;font-family:monospace;font-size:12px;font-weight:bold; @ webpack-internal:///(app-pages-browser)/./components/eggs/EggLayer.tsx:25
[18499833ms] [LOG] %c
      /\_/\
     ( o.o )   MEEKO SEES YOU.
      > ^ <
   You found the litter box.
   The prophecy is real.
 color:#C8FF00;font-family:monospace;font-size:12px;font-weight:bold; @ webpack-internal:///(app-pages-browser)/./components/eggs/EggLayer.tsx:25
[18499871ms] [WARNING] Warning: <path> length cannot be measured when vector-effect is non-scaling-stroke and the element isn't proportionally scaled. @ webpack-internal:///(app-pages-browser)/../node_modules/gsap/DrawSVGPlugin.js:57
[18550922ms] [LOG] [Fast Refresh] rebuilding @ webpack-internal:///(app-pages-browser)/../node_modules/next/dist/client/components/react-dev-overlay/app/hot-reloader-client.js:186
[18551306ms] [LOG] [Fast Refresh] done in 384ms @ webpack-internal:///(app-pages-browser)/../node_modules/next/dist/client/components/react-dev-overlay/app/hot-reloader-client.js:43
[18564017ms] [INFO] %cDownload the React DevTools for a better development experience: https://reactjs.org/link/react-devtools font-weight:bold @ webpack-internal:///(app-pages-browser)/../node_modules/next/dist/compiled/react-dom/cjs/react-dom.development.js:38559
[18564090ms] [LOG] %c
      /\_/\
     ( o.o )   MEEKO SEES YOU.
      > ^ <
   You found the litter box.
   The prophecy is real.
 color:#C8FF00;font-family:monospace;font-size:12px;font-weight:bold; @ webpack-internal:///(app-pages-browser)/./components/eggs/EggLayer.tsx:25
[18564102ms] [LOG] %c
      /\_/\
     ( o.o )   MEEKO SEES YOU.
      > ^ <
   You found the litter box.
   The prophecy is real.
 color:#C8FF00;font-family:monospace;font-size:12px;font-weight:bold; @ webpack-internal:///(app-pages-browser)/./components/eggs/EggLayer.tsx:25
[18564153ms] [WARNING] Warning: <path> length cannot be measured when vector-effect is non-scaling-stroke and the element isn't proportionally scaled. @ webpack-internal:///(app-pages-browser)/../node_modules/gsap/DrawSVGPlugin.js:57
[18610499ms] [LOG] [Fast Refresh] rebuilding @ webpack-internal:///(app-pages-browser)/../node_modules/next/dist/client/components/react-dev-overlay/app/hot-reloader-client.js:186
[18610709ms] ReferenceError: logoBack is not defined
    at MeekoCoin (webpack-internal:///(app-pages-browser)/./components/webgl/HeroScene.client.tsx:165:34)
    at renderWithHooks (webpack-internal:///(app-pages-browser)/../node_modules/react-reconciler/cjs/react-reconciler.development.js:7363:18)
    at mountIndeterminateComponent (webpack-internal:///(app-pages-browser)/../node_modules/react-reconciler/cjs/react-reconciler.development.js:12322:13)
    at beginWork (webpack-internal:///(app-pages-browser)/../node_modules/react-reconciler/cjs/react-reconciler.development.js:13826:16)
    at HTMLUnknownElement.callCallback (webpack-internal:///(app-pages-browser)/../node_modules/react-reconciler/cjs/react-reconciler.development.js:14214:14)
    at Object.invokeGuardedCallbackDev (webpack-internal:///(app-pages-browser)/../node_modules/react-reconciler/cjs/react-reconciler.development.js:14263:16)
    at invokeGuardedCallback (webpack-internal:///(app-pages-browser)/../node_modules/react-reconciler/cjs/react-reconciler.development.js:14324:31)
    at beginWork$1 (webpack-internal:///(app-pages-browser)/../node_modules/react-reconciler/cjs/react-reconciler.development.js:19532:7)
    at performUnitOfWork (webpack-internal:///(app-pages-browser)/../node_modules/react-reconciler/cjs/react-reconciler.development.js:18681:12)
    at workLoopSync (webpack-internal:///(app-pages-browser)/../node_modules/react-reconciler/cjs/react-reconciler.development.js:18592:5)
    at renderRootSync (webpack-internal:///(app-pages-browser)/../node_modules/react-reconciler/cjs/react-reconciler.development.js:18560:7)
    at performSyncWorkOnRoot (webpack-internal:///(app-pages-browser)/../node_modules/react-reconciler/cjs/react-reconciler.development.js:18178:20)
    at flushSyncCallbacks (webpack-internal:///(app-pages-browser)/../node_modules/react-reconciler/cjs/react-reconciler.development.js:2936:22)
    at flushSync (webpack-internal:///(app-pages-browser)/../node_modules/react-reconciler/cjs/react-reconciler.development.js:18307:7)
    at Object.scheduleRefresh (webpack-internal:///(app-pages-browser)/../node_modules/react-reconciler/cjs/react-reconciler.development.js:19870:5)
    at eval (webpack-internal:///(app-pages-browser)/../node_modules/next/dist/compiled/react-refresh/cjs/react-refresh-runtime.development.js:265:17)
    at Set.forEach (<anonymous>)
    at Object.performReactRefresh (webpack-internal:///(app-pages-browser)/../node_modules/next/dist/compiled/react-refresh/cjs/react-refresh-runtime.development.js:254:26)
    at applyUpdate (webpack-internal:///(app-pages-browser)/../node_modules/next/dist/compiled/@next/react-refresh-utils/dist/internal/helpers.js:139:31)
    at statusHandler (webpack-internal:///(app-pages-browser)/../node_modules/next/dist/compiled/@next/react-refresh-utils/dist/internal/helpers.js:156:13)
    at setStatus (http://localhost:3001/_next/static/chunks/webpack.js?v=1783169069234:508:55)
    at http://localhost:3001/_next/static/chunks/webpack.js?v=1783169069234:678:21
[18610710ms] ReferenceError: logoBack is not defined
    at MeekoCoin (webpack-internal:///(app-pages-browser)/./components/webgl/HeroScene.client.tsx:165:34)
    at renderWithHooks (webpack-internal:///(app-pages-browser)/../node_modules/react-reconciler/cjs/react-reconciler.development.js:7363:18)
    at mountIndeterminateComponent (webpack-internal:///(app-pages-browser)/../node_modules/react-reconciler/cjs/react-reconciler.development.js:12322:13)
    at beginWork (webpack-internal:///(app-pages-browser)/../node_modules/react-reconciler/cjs/react-reconciler.development.js:13826:16)
    at HTMLUnknownElement.callCallback (webpack-internal:///(app-pages-browser)/../node_modules/react-reconciler/cjs/react-reconciler.development.js:14214:14)
    at Object.invokeGuardedCallbackDev (webpack-internal:///(app-pages-browser)/../node_modules/react-reconciler/cjs/react-reconciler.development.js:14263:16)
    at invokeGuardedCallback (webpack-internal:///(app-pages-browser)/../node_modules/react-reconciler/cjs/react-reconciler.development.js:14324:31)
    at beginWork$1 (webpack-internal:///(app-pages-browser)/../node_modules/react-reconciler/cjs/react-reconciler.development.js:19532:7)
    at performUnitOfWork (webpack-internal:///(app-pages-browser)/../node_modules/react-reconciler/cjs/react-reconciler.development.js:18681:12)
    at workLoopSync (webpack-internal:///(app-pages-browser)/../node_modules/react-reconciler/cjs/react-reconciler.development.js:18592:5)
    at renderRootSync (webpack-internal:///(app-pages-browser)/../node_modules/react-reconciler/cjs/react-reconciler.development.js:18560:7)
    at recoverFromConcurrentError (webpack-internal:///(app-pages-browser)/../node_modules/react-reconciler/cjs/react-reconciler.development.js:17943:20)
    at performSyncWorkOnRoot (webpack-internal:///(app-pages-browser)/../node_modules/react-reconciler/cjs/react-reconciler.development.js:18189:20)
    at flushSyncCallbacks (webpack-internal:///(app-pages-browser)/../node_modules/react-reconciler/cjs/react-reconciler.development.js:2936:22)
    at flushSync (webpack-internal:///(app-pages-browser)/../node_modules/react-reconciler/cjs/react-reconciler.development.js:18307:7)
    at Object.scheduleRefresh (webpack-internal:///(app-pages-browser)/../node_modules/react-reconciler/cjs/react-reconciler.development.js:19870:5)
    at eval (webpack-internal:///(app-pages-browser)/../node_modules/next/dist/compiled/react-refresh/cjs/react-refresh-runtime.development.js:265:17)
    at Set.forEach (<anonymous>)
    at Object.performReactRefresh (webpack-internal:///(app-pages-browser)/../node_modules/next/dist/compiled/react-refresh/cjs/react-refresh-runtime.development.js:254:26)
    at applyUpdate (webpack-internal:///(app-pages-browser)/../node_modules/next/dist/compiled/@next/react-refresh-utils/dist/internal/helpers.js:139:31)
    at statusHandler (webpack-internal:///(app-pages-browser)/../node_modules/next/dist/compiled/@next/react-refresh-utils/dist/internal/helpers.js:156:13)
    at setStatus (http://localhost:3001/_next/static/chunks/webpack.js?v=1783169069234:508:55)
    at http://localhost:3001/_next/static/chunks/webpack.js?v=1783169069234:678:21
[18610712ms] [ERROR] The above error occurred in the <MeekoCoin> component:

    at MeekoCoin (webpack-internal:///(app-pages-browser)/./components/webgl/HeroScene.client.tsx:26:11)
    at Suspense
    at ErrorBoundary (webpack-internal:///(app-pages-browser)/../node_modules/@react-three/fiber/dist/events-776716bd.esm.js:451:5)
    at FiberProvider (webpack-internal:///(app-pages-browser)/../node_modules/its-fine/dist/index.js:80:1)
    at Provider (webpack-internal:///(app-pages-browser)/../node_modules/@react-three/fiber/dist/events-776716bd.esm.js:2104:3)

React will try to recreate this component tree from scratch using the error boundary you provided, ErrorBoundary. @ webpack-internal:///(app-pages-browser)/../node_modules/next/dist/client/app-index.js:32
[18610712ms] [LOG] [Fast Refresh] done in 214ms @ webpack-internal:///(app-pages-browser)/../node_modules/next/dist/client/components/react-dev-overlay/app/hot-reloader-client.js:43
[18610718ms] [ERROR] Warning: Cannot update a component (`%s`) while rendering a different component (`%s`). To locate the bad setState() call inside `%s`, follow the stack trace as described in https://reactjs.org/link/setstate-in-render%s HotReload ForwardRef(Canvas) ForwardRef(Canvas) 
    at Canvas (webpack-internal:///(app-pages-browser)/../node_modules/@react-three/fiber/dist/react-three-fiber.esm.js:60:3)
    at FiberProvider (webpack-internal:///(app-pages-browser)/../node_modules/its-fine/dist/index.js:80:1)
    at CanvasWrapper
    at div
    at HeroScene (webpack-internal:///(app-pages-browser)/./components/webgl/HeroScene.client.tsx:278:11)
    at BailoutToCSR (webpack-internal:///(app-pages-browser)/../node_modules/next/dist/shared/lib/lazy-dynamic/dynamic-bailout-to-csr.js:13:11)
    at Suspense
    at LoadableComponent
    at section
    at Hero (webpack-internal:///(app-pages-browser)/./components/sections/Hero.tsx:66:101)
    at main
    at Home (Server)
    at InnerLayoutRouter (webpack-internal:///(app-pages-browser)/../node_modules/next/dist/client/components/layout-router.js:243:11)
    at RedirectErrorBoundary (webpack-internal:///(app-pages-browser)/../node_modules/next/dist/client/components/redirect-boundary.js:74:9)
    at RedirectBoundary (webpack-internal:///(app-pages-browser)/../node_modules/next/dist/client/components/redirect-boundary.js:82:11)
    at NotFoundErrorBoundary (webpack-internal:///(app-pages-browser)/../node_modules/next/dist/client/components/not-found-boundary.js:76:9)
    at NotFoundBoundary (webpack-internal:///(app-pages-browser)/../node_modules/next/dist/client/components/not-found-boundary.js:84:11)
    at LoadingBoundary (webpack-internal:///(app-pages-browser)/../node_modules/next/dist/client/components/layout-router.js:349:11)
    at ErrorBoundary (webpack-internal:///(app-pages-browser)/../node_modules/next/dist/client/components/error-boundary.js:160:11)
    at InnerScrollAndFocusHandler (webpack-internal:///(app-pages-browser)/../node_modules/next/dist/client/components/layout-router.js:153:9)
    at ScrollAndFocusHandler (webpack-internal:///(app-pages-browser)/../node_modules/next/dist/client/components/layout-router.js:228:11)
    at RenderFromTemplateContext (webpack-internal:///(app-pages-browser)/../node_modules/next/dist/client/components/render-from-template-context.js:16:44)
    at OuterLayoutRouter (webpack-internal:///(app-pages-browser)/../node_modules/next/dist/client/components/layout-router.js:370:11)
    at SmoothScroll (webpack-internal:///(app-pages-browser)/./components/providers/SmoothScroll.tsx:22:11)
    at MotionProvider (webpack-internal:///(app-pages-browser)/./components/providers/MotionProvider.tsx:21:11)
    at Providers (webpack-internal:///(app-pages-browser)/./components/providers/Providers.tsx:20:11)
    at body
    at html
    at RootLayout (Server)
    at RedirectErrorBoundary (webpack-internal:///(app-pages-browser)/../node_modules/next/dist/client/components/redirect-boundary.js:74:9)
    at RedirectBoundary (webpack-internal:///(app-pages-browser)/../node_modules/next/dist/client/components/redirect-boundary.js:82:11)
    at NotFoundErrorBoundary (webpack-internal:///(app-pages-browser)/../node_modules/next/dist/client/components/not-found-boundary.js:76:9)
    at NotFoundBoundary (webpack-internal:///(app-pages-browser)/../node_modules/next/dist/client/components/not-found-boundary.js:84:11)
    at DevRootNotFoundBoundary (webpack-internal:///(app-pages-browser)/../node_modules/next/dist/client/components/dev-root-not-found-boundary.js:33:11)
    at ReactDevOverlay (webpack-internal:///(app-pages-browser)/../node_modules/next/dist/client/components/react-dev-overlay/app/ReactDevOverlay.js:87:9)
    at HotReload (webpack-internal:///(app-pages-browser)/../node_modules/next/dist/client/components/react-dev-overlay/app/hot-reloader-client.js:321:11)
    at Router (webpack-internal:///(app-pages-browser)/../node_modules/next/dist/client/components/app-router.js:207:11)
    at ErrorBoundaryHandler (webpack-internal:///(app-pages-browser)/../node_modules/next/dist/client/components/error-boundary.js:113:9)
    at ErrorBoundary (webpack-internal:///(app-pages-browser)/../node_modules/next/dist/client/components/error-boundary.js:160:11)
    at AppRouter (webpack-internal:///(app-pages-browser)/../node_modules/next/dist/client/components/app-router.js:585:13)
    at ServerRoot (webpack-internal:///(app-pages-browser)/../node_modules/next/dist/client/app-index.js:112:27)
    at Root (webpack-internal:///(app-pages-browser)/../node_modules/next/dist/client/app-index.js:117:11) @ webpack-internal:///(app-pages-browser)/../node_modules/next/dist/client/app-index.js:32
[18610718ms] ReferenceError: logoBack is not defined
    at MeekoCoin (webpack-internal:///(app-pages-browser)/./components/webgl/HeroScene.client.tsx:165:34)
    at renderWithHooks (webpack-internal:///(app-pages-browser)/../node_modules/react-reconciler/cjs/react-reconciler.development.js:7363:18)
    at mountIndeterminateComponent (webpack-internal:///(app-pages-browser)/../node_modules/react-reconciler/cjs/react-reconciler.development.js:12322:13)
    at beginWork (webpack-internal:///(app-pages-browser)/../node_modules/react-reconciler/cjs/react-reconciler.development.js:13826:16)
    at beginWork$1 (webpack-internal:///(app-pages-browser)/../node_modules/react-reconciler/cjs/react-reconciler.development.js:19508:14)
    at performUnitOfWork (webpack-internal:///(app-pages-browser)/../node_modules/react-reconciler/cjs/react-reconciler.development.js:18681:12)
    at workLoopSync (webpack-internal:///(app-pages-browser)/../node_modules/react-reconciler/cjs/react-reconciler.development.js:18592:5)
    at renderRootSync (webpack-internal:///(app-pages-browser)/../node_modules/react-reconciler/cjs/react-reconciler.development.js:18560:7)
    at recoverFromConcurrentError (webpack-internal:///(app-pages-browser)/../node_modules/react-reconciler/cjs/react-reconciler.development.js:17943:20)
    at performSyncWorkOnRoot (webpack-internal:///(app-pages-browser)/../node_modules/react-reconciler/cjs/react-reconciler.development.js:18189:20)
    at flushSyncCallbacks (webpack-internal:///(app-pages-browser)/../node_modules/react-reconciler/cjs/react-reconciler.development.js:2936:22)
    at flushSync (webpack-internal:///(app-pages-browser)/../node_modules/react-reconciler/cjs/react-reconciler.development.js:18307:7)
    at Object.scheduleRefresh (webpack-internal:///(app-pages-browser)/../node_modules/react-reconciler/cjs/react-reconciler.development.js:19870:5)
    at eval (webpack-internal:///(app-pages-browser)/../node_modules/next/dist/compiled/react-refresh/cjs/react-refresh-runtime.development.js:265:17)
    at Set.forEach (<anonymous>)
    at Object.performReactRefresh (webpack-internal:///(app-pages-browser)/../node_modules/next/dist/compiled/react-refresh/cjs/react-refresh-runtime.development.js:254:26)
    at applyUpdate (webpack-internal:///(app-pages-browser)/../node_modules/next/dist/compiled/@next/react-refresh-utils/dist/internal/helpers.js:139:31)
    at statusHandler (webpack-internal:///(app-pages-browser)/../node_modules/next/dist/compiled/@next/react-refresh-utils/dist/internal/helpers.js:156:13)
    at setStatus (http://localhost:3001/_next/static/chunks/webpack.js?v=1783169069234:508:55)
    at http://localhost:3001/_next/static/chunks/webpack.js?v=1783169069234:678:21
[18610718ms] ReferenceError: logoBack is not defined
    at MeekoCoin (webpack-internal:///(app-pages-browser)/./components/webgl/HeroScene.client.tsx:165:34)
    at renderWithHooks (webpack-internal:///(app-pages-browser)/../node_modules/react-reconciler/cjs/react-reconciler.development.js:7363:18)
    at mountIndeterminateComponent (webpack-internal:///(app-pages-browser)/../node_modules/react-reconciler/cjs/react-reconciler.development.js:12322:13)
    at beginWork (webpack-internal:///(app-pages-browser)/../node_modules/react-reconciler/cjs/react-reconciler.development.js:13826:16)
    at beginWork$1 (webpack-internal:///(app-pages-browser)/../node_modules/react-reconciler/cjs/react-reconciler.development.js:19508:14)
    at performUnitOfWork (webpack-internal:///(app-pages-browser)/../node_modules/react-reconciler/cjs/react-reconciler.development.js:18681:12)
    at workLoopSync (webpack-internal:///(app-pages-browser)/../node_modules/react-reconciler/cjs/react-reconciler.development.js:18592:5)
    at renderRootSync (webpack-internal:///(app-pages-browser)/../node_modules/react-reconciler/cjs/react-reconciler.development.js:18560:7)
    at recoverFromConcurrentError (webpack-internal:///(app-pages-browser)/../node_modules/react-reconciler/cjs/react-reconciler.development.js:17943:20)
    at performSyncWorkOnRoot (webpack-internal:///(app-pages-browser)/../node_modules/react-reconciler/cjs/react-reconciler.development.js:18189:20)
    at flushSyncCallbacks (webpack-internal:///(app-pages-browser)/../node_modules/react-reconciler/cjs/react-reconciler.development.js:2936:22)
    at flushSync (webpack-internal:///(app-pages-browser)/../node_modules/react-reconciler/cjs/react-reconciler.development.js:18307:7)
    at Object.scheduleRefresh (webpack-internal:///(app-pages-browser)/../node_modules/react-reconciler/cjs/react-reconciler.development.js:19870:5)
    at eval (webpack-internal:///(app-pages-browser)/../node_modules/next/dist/compiled/react-refresh/cjs/react-refresh-runtime.development.js:265:17)
    at Set.forEach (<anonymous>)
    at Object.performReactRefresh (webpack-internal:///(app-pages-browser)/../node_modules/next/dist/compiled/react-refresh/cjs/react-refresh-runtime.development.js:254:26)
    at applyUpdate (webpack-internal:///(app-pages-browser)/../node_modules/next/dist/compiled/@next/react-refresh-utils/dist/internal/helpers.js:139:31)
    at statusHandler (webpack-internal:///(app-pages-browser)/../node_modules/next/dist/compiled/@next/react-refresh-utils/dist/internal/helpers.js:156:13)
    at setStatus (http://localhost:3001/_next/static/chunks/webpack.js?v=1783169069234:508:55)
    at http://localhost:3001/_next/static/chunks/webpack.js?v=1783169069234:678:21
[18610718ms] ReferenceError: logoBack is not defined
    at MeekoCoin (webpack-internal:///(app-pages-browser)/./components/webgl/HeroScene.client.tsx:165:34)
    at renderWithHooks (webpack-internal:///(app-pages-browser)/../node_modules/react-reconciler/cjs/react-reconciler.development.js:7363:18)
    at mountIndeterminateComponent (webpack-internal:///(app-pages-browser)/../node_modules/react-reconciler/cjs/react-reconciler.development.js:12322:13)
    at beginWork (webpack-internal:///(app-pages-browser)/../node_modules/react-reconciler/cjs/react-reconciler.development.js:13826:16)
    at beginWork$1 (webpack-internal:///(app-pages-browser)/../node_modules/react-reconciler/cjs/react-reconciler.development.js:19508:14)
    at performUnitOfWork (webpack-internal:///(app-pages-browser)/../node_modules/react-reconciler/cjs/react-reconciler.development.js:18681:12)
    at workLoopSync (webpack-internal:///(app-pages-browser)/../node_modules/react-reconciler/cjs/react-reconciler.development.js:18592:5)
    at renderRootSync (webpack-internal:///(app-pages-browser)/../node_modules/react-reconciler/cjs/react-reconciler.development.js:18560:7)
    at recoverFromConcurrentError (webpack-internal:///(app-pages-browser)/../node_modules/react-reconciler/cjs/react-reconciler.development.js:17943:20)
    at performSyncWorkOnRoot (webpack-internal:///(app-pages-browser)/../node_modules/react-reconciler/cjs/react-reconciler.development.js:18189:20)
    at flushSyncCallbacks (webpack-internal:///(app-pages-browser)/../node_modules/react-reconciler/cjs/react-reconciler.development.js:2936:22)
    at flushSync (webpack-internal:///(app-pages-browser)/../node_modules/react-reconciler/cjs/react-reconciler.development.js:18307:7)
    at Object.scheduleRefresh (webpack-internal:///(app-pages-browser)/../node_modules/react-reconciler/cjs/react-reconciler.development.js:19870:5)
    at eval (webpack-internal:///(app-pages-browser)/../node_modules/next/dist/compiled/react-refresh/cjs/react-refresh-runtime.development.js:265:17)
    at Set.forEach (<anonymous>)
    at Object.performReactRefresh (webpack-internal:///(app-pages-browser)/../node_modules/next/dist/compiled/react-refresh/cjs/react-refresh-runtime.development.js:254:26)
    at applyUpdate (webpack-internal:///(app-pages-browser)/../node_modules/next/dist/compiled/@next/react-refresh-utils/dist/internal/helpers.js:139:31)
    at statusHandler (webpack-internal:///(app-pages-browser)/../node_modules/next/dist/compiled/@next/react-refresh-utils/dist/internal/helpers.js:156:13)
    at setStatus (http://localhost:3001/_next/static/chunks/webpack.js?v=1783169069234:508:55)
    at http://localhost:3001/_next/static/chunks/webpack.js?v=1783169069234:678:21
[18610718ms] ReferenceError: logoBack is not defined
    at MeekoCoin (webpack-internal:///(app-pages-browser)/./components/webgl/HeroScene.client.tsx:165:34)
    at renderWithHooks (webpack-internal:///(app-pages-browser)/../node_modules/react-reconciler/cjs/react-reconciler.development.js:7363:18)
    at mountIndeterminateComponent (webpack-internal:///(app-pages-browser)/../node_modules/react-reconciler/cjs/react-reconciler.development.js:12322:13)
    at beginWork (webpack-internal:///(app-pages-browser)/../node_modules/react-reconciler/cjs/react-reconciler.development.js:13826:16)
    at beginWork$1 (webpack-internal:///(app-pages-browser)/../node_modules/react-reconciler/cjs/react-reconciler.development.js:19508:14)
    at performUnitOfWork (webpack-internal:///(app-pages-browser)/../node_modules/react-reconciler/cjs/react-reconciler.development.js:18681:12)
    at workLoopSync (webpack-internal:///(app-pages-browser)/../node_modules/react-reconciler/cjs/react-reconciler.development.js:18592:5)
    at renderRootSync (webpack-internal:///(app-pages-browser)/../node_modules/react-reconciler/cjs/react-reconciler.development.js:18560:7)
    at recoverFromConcurrentError (webpack-internal:///(app-pages-browser)/../node_modules/react-reconciler/cjs/react-reconciler.development.js:17943:20)
    at performSyncWorkOnRoot (webpack-internal:///(app-pages-browser)/../node_modules/react-reconciler/cjs/react-reconciler.development.js:18189:20)
    at flushSyncCallbacks (webpack-internal:///(app-pages-browser)/../node_modules/react-reconciler/cjs/react-reconciler.development.js:2936:22)
    at flushSync (webpack-internal:///(app-pages-browser)/../node_modules/react-reconciler/cjs/react-reconciler.development.js:18307:7)
    at Object.scheduleRefresh (webpack-internal:///(app-pages-browser)/../node_modules/react-reconciler/cjs/react-reconciler.development.js:19870:5)
    at eval (webpack-internal:///(app-pages-browser)/../node_modules/next/dist/compiled/react-refresh/cjs/react-refresh-runtime.development.js:265:17)
    at Set.forEach (<anonymous>)
    at Object.performReactRefresh (webpack-internal:///(app-pages-browser)/../node_modules/next/dist/compiled/react-refresh/cjs/react-refresh-runtime.development.js:254:26)
    at applyUpdate (webpack-internal:///(app-pages-browser)/../node_modules/next/dist/compiled/@next/react-refresh-utils/dist/internal/helpers.js:139:31)
    at statusHandler (webpack-internal:///(app-pages-browser)/../node_modules/next/dist/compiled/@next/react-refresh-utils/dist/internal/helpers.js:156:13)
    at setStatus (http://localhost:3001/_next/static/chunks/webpack.js?v=1783169069234:508:55)
    at http://localhost:3001/_next/static/chunks/webpack.js?v=1783169069234:678:21
[18610718ms] ReferenceError: logoBack is not defined
    at MeekoCoin (webpack-internal:///(app-pages-browser)/./components/webgl/HeroScene.client.tsx:165:34)
    at renderWithHooks (webpack-internal:///(app-pages-browser)/../node_modules/react-reconciler/cjs/react-reconciler.development.js:7363:18)
    at mountIndeterminateComponent (webpack-internal:///(app-pages-browser)/../node_modules/react-reconciler/cjs/react-reconciler.development.js:12322:13)
    at beginWork (webpack-internal:///(app-pages-browser)/../node_modules/react-reconciler/cjs/react-reconciler.development.js:13826:16)
    at beginWork$1 (webpack-internal:///(app-pages-browser)/../node_modules/react-reconciler/cjs/react-reconciler.development.js:19508:14)
    at performUnitOfWork (webpack-internal:///(app-pages-browser)/../node_modules/react-reconciler/cjs/react-reconciler.development.js:18681:12)
    at workLoopSync (webpack-internal:///(app-pages-browser)/../node_modules/react-reconciler/cjs/react-reconciler.development.js:18592:5)
    at renderRootSync (webpack-internal:///(app-pages-browser)/../node_modules/react-reconciler/cjs/react-reconciler.development.js:18560:7)
    at recoverFromConcurrentError (webpack-internal:///(app-pages-browser)/../node_modules/react-reconciler/cjs/react-reconciler.development.js:17943:20)
    at performSyncWorkOnRoot (webpack-internal:///(app-pages-browser)/../node_modules/react-reconciler/cjs/react-reconciler.development.js:18189:20)
    at flushSyncCallbacks (webpack-internal:///(app-pages-browser)/../node_modules/react-reconciler/cjs/react-reconciler.development.js:2936:22)
    at flushSync (webpack-internal:///(app-pages-browser)/../node_modules/react-reconciler/cjs/react-reconciler.development.js:18307:7)
    at Object.scheduleRefresh (webpack-internal:///(app-pages-browser)/../node_modules/react-reconciler/cjs/react-reconciler.development.js:19870:5)
    at eval (webpack-internal:///(app-pages-browser)/../node_modules/next/dist/compiled/react-refresh/cjs/react-refresh-runtime.development.js:265:17)
    at Set.forEach (<anonymous>)
    at Object.performReactRefresh (webpack-internal:///(app-pages-browser)/../node_modules/next/dist/compiled/react-refresh/cjs/react-refresh-runtime.development.js:254:26)
    at applyUpdate (webpack-internal:///(app-pages-browser)/../node_modules/next/dist/compiled/@next/react-refresh-utils/dist/internal/helpers.js:139:31)
    at statusHandler (webpack-internal:///(app-pages-browser)/../node_modules/next/dist/compiled/@next/react-refresh-utils/dist/internal/helpers.js:156:13)
    at setStatus (http://localhost:3001/_next/static/chunks/webpack.js?v=1783169069234:508:55)
    at http://localhost:3001/_next/static/chunks/webpack.js?v=1783169069234:678:21
[18610721ms] ReferenceError: logoBack is not defined
    at MeekoCoin (webpack-internal:///(app-pages-browser)/./components/webgl/HeroScene.client.tsx:165:34)
    at renderWithHooks (webpack-internal:///(app-pages-browser)/../node_modules/react-reconciler/cjs/react-reconciler.development.js:7363:18)
    at mountIndeterminateComponent (webpack-internal:///(app-pages-browser)/../node_modules/react-reconciler/cjs/react-reconciler.development.js:12322:13)
    at beginWork (webpack-internal:///(app-pages-browser)/../node_modules/react-reconciler/cjs/react-reconciler.development.js:13826:16)
    at beginWork$1 (webpack-internal:///(app-pages-browser)/../node_modules/react-reconciler/cjs/react-reconciler.development.js:19508:14)
    at performUnitOfWork (webpack-internal:///(app-pages-browser)/../node_modules/react-reconciler/cjs/react-reconciler.development.js:18681:12)
    at workLoopSync (webpack-internal:///(app-pages-browser)/../node_modules/react-reconciler/cjs/react-reconciler.development.js:18592:5)
    at renderRootSync (webpack-internal:///(app-pages-browser)/../node_modules/react-reconciler/cjs/react-reconciler.development.js:18560:7)
    at recoverFromConcurrentError (webpack-internal:///(app-pages-browser)/../node_modules/react-reconciler/cjs/react-reconciler.development.js:17943:20)
    at performSyncWorkOnRoot (webpack-internal:///(app-pages-browser)/../node_modules/react-reconciler/cjs/react-reconciler.development.js:18189:20)
    at flushSyncCallbacks (webpack-internal:///(app-pages-browser)/../node_modules/react-reconciler/cjs/react-reconciler.development.js:2936:22)
    at flushSync (webpack-internal:///(app-pages-browser)/../node_modules/react-reconciler/cjs/react-reconciler.development.js:18307:7)
    at Object.scheduleRefresh (webpack-internal:///(app-pages-browser)/../node_modules/react-reconciler/cjs/react-reconciler.development.js:19870:5)
    at eval (webpack-internal:///(app-pages-browser)/../node_modules/next/dist/compiled/react-refresh/cjs/react-refresh-runtime.development.js:265:17)
    at Set.forEach (<anonymous>)
    at Object.performReactRefresh (webpack-internal:///(app-pages-browser)/../node_modules/next/dist/compiled/react-refresh/cjs/react-refresh-runtime.development.js:254:26)
    at applyUpdate (webpack-internal:///(app-pages-browser)/../node_modules/next/dist/compiled/@next/react-refresh-utils/dist/internal/helpers.js:139:31)
    at statusHandler (webpack-internal:///(app-pages-browser)/../node_modules/next/dist/compiled/@next/react-refresh-utils/dist/internal/helpers.js:156:13)
    at setStatus (http://localhost:3001/_next/static/chunks/webpack.js?v=1783169069234:508:55)
    at http://localhost:3001/_next/static/chunks/webpack.js?v=1783169069234:678:21
[18610721ms] ReferenceError: logoBack is not defined
    at MeekoCoin (webpack-internal:///(app-pages-browser)/./components/webgl/HeroScene.client.tsx:165:34)
    at renderWithHooks (webpack-internal:///(app-pages-browser)/../node_modules/react-reconciler/cjs/react-reconciler.development.js:7363:18)
    at mountIndeterminateComponent (webpack-internal:///(app-pages-browser)/../node_modules/react-reconciler/cjs/react-reconciler.development.js:12322:13)
    at beginWork (webpack-internal:///(app-pages-browser)/../node_modules/react-reconciler/cjs/react-reconciler.development.js:13826:16)
    at beginWork$1 (webpack-internal:///(app-pages-browser)/../node_modules/react-reconciler/cjs/react-reconciler.development.js:19508:14)
    at performUnitOfWork (webpack-internal:///(app-pages-browser)/../node_modules/react-reconciler/cjs/react-reconciler.development.js:18681:12)
    at workLoopSync (webpack-internal:///(app-pages-browser)/../node_modules/react-reconciler/cjs/react-reconciler.development.js:18592:5)
    at renderRootSync (webpack-internal:///(app-pages-browser)/../node_modules/react-reconciler/cjs/react-reconciler.development.js:18560:7)
    at recoverFromConcurrentError (webpack-internal:///(app-pages-browser)/../node_modules/react-reconciler/cjs/react-reconciler.development.js:17943:20)
    at performSyncWorkOnRoot (webpack-internal:///(app-pages-browser)/../node_modules/react-reconciler/cjs/react-reconciler.development.js:18189:20)
    at flushSyncCallbacks (webpack-internal:///(app-pages-browser)/../node_modules/react-reconciler/cjs/react-reconciler.development.js:2936:22)
    at flushSync (webpack-internal:///(app-pages-browser)/../node_modules/react-reconciler/cjs/react-reconciler.development.js:18307:7)
    at Object.scheduleRefresh (webpack-internal:///(app-pages-browser)/../node_modules/react-reconciler/cjs/react-reconciler.development.js:19870:5)
    at eval (webpack-internal:///(app-pages-browser)/../node_modules/next/dist/compiled/react-refresh/cjs/react-refresh-runtime.development.js:265:17)
    at Set.forEach (<anonymous>)
    at Object.performReactRefresh (webpack-internal:///(app-pages-browser)/../node_modules/next/dist/compiled/react-refresh/cjs/react-refresh-runtime.development.js:254:26)
    at applyUpdate (webpack-internal:///(app-pages-browser)/../node_modules/next/dist/compiled/@next/react-refresh-utils/dist/internal/helpers.js:139:31)
    at statusHandler (webpack-internal:///(app-pages-browser)/../node_modules/next/dist/compiled/@next/react-refresh-utils/dist/internal/helpers.js:156:13)
    at setStatus (http://localhost:3001/_next/static/chunks/webpack.js?v=1783169069234:508:55)
    at http://localhost:3001/_next/static/chunks/webpack.js?v=1783169069234:678:21
[18610721ms] ReferenceError: logoBack is not defined
    at MeekoCoin (webpack-internal:///(app-pages-browser)/./components/webgl/HeroScene.client.tsx:165:34)
    at renderWithHooks (webpack-internal:///(app-pages-browser)/../node_modules/react-reconciler/cjs/react-reconciler.development.js:7363:18)
    at mountIndeterminateComponent (webpack-internal:///(app-pages-browser)/../node_modules/react-reconciler/cjs/react-reconciler.development.js:12322:13)
    at beginWork (webpack-internal:///(app-pages-browser)/../node_modules/react-reconciler/cjs/react-reconciler.development.js:13826:16)
    at beginWork$1 (webpack-internal:///(app-pages-browser)/../node_modules/react-reconciler/cjs/react-reconciler.development.js:19508:14)
    at performUnitOfWork (webpack-internal:///(app-pages-browser)/../node_modules/react-reconciler/cjs/react-reconciler.development.js:18681:12)
    at workLoopSync (webpack-internal:///(app-pages-browser)/../node_modules/react-reconciler/cjs/react-reconciler.development.js:18592:5)
    at renderRootSync (webpack-internal:///(app-pages-browser)/../node_modules/react-reconciler/cjs/react-reconciler.development.js:18560:7)
    at recoverFromConcurrentError (webpack-internal:///(app-pages-browser)/../node_modules/react-reconciler/cjs/react-reconciler.development.js:17943:20)
    at performSyncWorkOnRoot (webpack-internal:///(app-pages-browser)/../node_modules/react-reconciler/cjs/react-reconciler.development.js:18189:20)
    at flushSyncCallbacks (webpack-internal:///(app-pages-browser)/../node_modules/react-reconciler/cjs/react-reconciler.development.js:2936:22)
    at flushSync (webpack-internal:///(app-pages-browser)/../node_modules/react-reconciler/cjs/react-reconciler.development.js:18307:7)
    at Object.scheduleRefresh (webpack-internal:///(app-pages-browser)/../node_modules/react-reconciler/cjs/react-reconciler.development.js:19870:5)
    at eval (webpack-internal:///(app-pages-browser)/../node_modules/next/dist/compiled/react-refresh/cjs/react-refresh-runtime.development.js:265:17)
    at Set.forEach (<anonymous>)
    at Object.performReactRefresh (webpack-internal:///(app-pages-browser)/../node_modules/next/dist/compiled/react-refresh/cjs/react-refresh-runtime.development.js:254:26)
    at applyUpdate (webpack-internal:///(app-pages-browser)/../node_modules/next/dist/compiled/@next/react-refresh-utils/dist/internal/helpers.js:139:31)
    at statusHandler (webpack-internal:///(app-pages-browser)/../node_modules/next/dist/compiled/@next/react-refresh-utils/dist/internal/helpers.js:156:13)
    at setStatus (http://localhost:3001/_next/static/chunks/webpack.js?v=1783169069234:508:55)
    at http://localhost:3001/_next/static/chunks/webpack.js?v=1783169069234:678:21
[18610721ms] ReferenceError: logoBack is not defined
    at MeekoCoin (webpack-internal:///(app-pages-browser)/./components/webgl/HeroScene.client.tsx:165:34)
    at renderWithHooks (webpack-internal:///(app-pages-browser)/../node_modules/react-reconciler/cjs/react-reconciler.development.js:7363:18)
    at mountIndeterminateComponent (webpack-internal:///(app-pages-browser)/../node_modules/react-reconciler/cjs/react-reconciler.development.js:12322:13)
    at beginWork (webpack-internal:///(app-pages-browser)/../node_modules/react-reconciler/cjs/react-reconciler.development.js:13826:16)
    at beginWork$1 (webpack-internal:///(app-pages-browser)/../node_modules/react-reconciler/cjs/react-reconciler.development.js:19508:14)
    at performUnitOfWork (webpack-internal:///(app-pages-browser)/../node_modules/react-reconciler/cjs/react-reconciler.development.js:18681:12)
    at workLoopSync (webpack-internal:///(app-pages-browser)/../node_modules/react-reconciler/cjs/react-reconciler.development.js:18592:5)
    at renderRootSync (webpack-internal:///(app-pages-browser)/../node_modules/react-reconciler/cjs/react-reconciler.development.js:18560:7)
    at recoverFromConcurrentError (webpack-internal:///(app-pages-browser)/../node_modules/react-reconciler/cjs/react-reconciler.development.js:17943:20)
    at performSyncWorkOnRoot (webpack-internal:///(app-pages-browser)/../node_modules/react-reconciler/cjs/react-reconciler.development.js:18189:20)
    at flushSyncCallbacks (webpack-internal:///(app-pages-browser)/../node_modules/react-reconciler/cjs/react-reconciler.development.js:2936:22)
    at flushSync (webpack-internal:///(app-pages-browser)/../node_modules/react-reconciler/cjs/react-reconciler.development.js:18307:7)
    at Object.scheduleRefresh (webpack-internal:///(app-pages-browser)/../node_modules/react-reconciler/cjs/react-reconciler.development.js:19870:5)
    at eval (webpack-internal:///(app-pages-browser)/../node_modules/next/dist/compiled/react-refresh/cjs/react-refresh-runtime.development.js:265:17)
    at Set.forEach (<anonymous>)
    at Object.performReactRefresh (webpack-internal:///(app-pages-browser)/../node_modules/next/dist/compiled/react-refresh/cjs/react-refresh-runtime.development.js:254:26)
    at applyUpdate (webpack-internal:///(app-pages-browser)/../node_modules/next/dist/compiled/@next/react-refresh-utils/dist/internal/helpers.js:139:31)
    at statusHandler (webpack-internal:///(app-pages-browser)/../node_modules/next/dist/compiled/@next/react-refresh-utils/dist/internal/helpers.js:156:13)
    at setStatus (http://localhost:3001/_next/static/chunks/webpack.js?v=1783169069234:508:55)
    at http://localhost:3001/_next/static/chunks/webpack.js?v=1783169069234:678:21
[18610721ms] ReferenceError: logoBack is not defined
    at MeekoCoin (webpack-internal:///(app-pages-browser)/./components/webgl/HeroScene.client.tsx:165:34)
    at renderWithHooks (webpack-internal:///(app-pages-browser)/../node_modules/react-reconciler/cjs/react-reconciler.development.js:7363:18)
    at mountIndeterminateComponent (webpack-internal:///(app-pages-browser)/../node_modules/react-reconciler/cjs/react-reconciler.development.js:12322:13)
    at beginWork (webpack-internal:///(app-pages-browser)/../node_modules/react-reconciler/cjs/react-reconciler.development.js:13826:16)
    at beginWork$1 (webpack-internal:///(app-pages-browser)/../node_modules/react-reconciler/cjs/react-reconciler.development.js:19508:14)
    at performUnitOfWork (webpack-internal:///(app-pages-browser)/../node_modules/react-reconciler/cjs/react-reconciler.development.js:18681:12)
    at workLoopSync (webpack-internal:///(app-pages-browser)/../node_modules/react-reconciler/cjs/react-reconciler.development.js:18592:5)
    at renderRootSync (webpack-internal:///(app-pages-browser)/../node_modules/react-reconciler/cjs/react-reconciler.development.js:18560:7)
    at recoverFromConcurrentError (webpack-internal:///(app-pages-browser)/../node_modules/react-reconciler/cjs/react-reconciler.development.js:17943:20)
    at performSyncWorkOnRoot (webpack-internal:///(app-pages-browser)/../node_modules/react-reconciler/cjs/react-reconciler.development.js:18189:20)
    at flushSyncCallbacks (webpack-internal:///(app-pages-browser)/../node_modules/react-reconciler/cjs/react-reconciler.development.js:2936:22)
    at flushSync (webpack-internal:///(app-pages-browser)/../node_modules/react-reconciler/cjs/react-reconciler.development.js:18307:7)
    at Object.scheduleRefresh (webpack-internal:///(app-pages-browser)/../node_modules/react-reconciler/cjs/react-reconciler.development.js:19870:5)
    at eval (webpack-internal:///(app-pages-browser)/../node_modules/next/dist/compiled/react-refresh/cjs/react-refresh-runtime.development.js:265:17)
    at Set.forEach (<anonymous>)
    at Object.performReactRefresh (webpack-internal:///(app-pages-browser)/../node_modules/next/dist/compiled/react-refresh/cjs/react-refresh-runtime.development.js:254:26)
    at applyUpdate (webpack-internal:///(app-pages-browser)/../node_modules/next/dist/compiled/@next/react-refresh-utils/dist/internal/helpers.js:139:31)
    at statusHandler (webpack-internal:///(app-pages-browser)/../node_modules/next/dist/compiled/@next/react-refresh-utils/dist/internal/helpers.js:156:13)
    at setStatus (http://localhost:3001/_next/static/chunks/webpack.js?v=1783169069234:508:55)
    at http://localhost:3001/_next/static/chunks/webpack.js?v=1783169069234:678:21
[18610729ms] [ERROR] The above error occurred in the <NotFoundErrorBoundary> component:

    at Canvas (webpack-internal:///(app-pages-browser)/../node_modules/@react-three/fiber/dist/react-three-fiber.esm.js:60:3)
    at FiberProvider (webpack-internal:///(app-pages-browser)/../node_modules/its-fine/dist/index.js:80:1)
    at CanvasWrapper
    at div
    at HeroScene (webpack-internal:///(app-pages-browser)/./components/webgl/HeroScene.client.tsx:278:11)
    at BailoutToCSR (webpack-internal:///(app-pages-browser)/../node_modules/next/dist/shared/lib/lazy-dynamic/dynamic-bailout-to-csr.js:13:11)
    at Suspense
    at LoadableComponent
    at section
    at Hero (webpack-internal:///(app-pages-browser)/./components/sections/Hero.tsx:66:101)
    at main
    at Home (Server)
    at InnerLayoutRouter (webpack-internal:///(app-pages-browser)/../node_modules/next/dist/client/components/layout-router.js:243:11)
    at RedirectErrorBoundary (webpack-internal:///(app-pages-browser)/../node_modules/next/dist/client/components/redirect-boundary.js:74:9)
    at RedirectBoundary (webpack-internal:///(app-pages-browser)/../node_modules/next/dist/client/components/redirect-boundary.js:82:11)
    at NotFoundErrorBoundary (webpack-internal:///(app-pages-browser)/../node_modules/next/dist/client/components/not-found-boundary.js:76:9)
    at NotFoundBoundary (webpack-internal:///(app-pages-browser)/../node_modules/next/dist/client/components/not-found-boundary.js:84:11)
    at LoadingBoundary (webpack-internal:///(app-pages-browser)/../node_modules/next/dist/client/components/layout-router.js:349:11)
    at ErrorBoundary (webpack-internal:///(app-pages-browser)/../node_modules/next/dist/client/components/error-boundary.js:160:11)
    at InnerScrollAndFocusHandler (webpack-internal:///(app-pages-browser)/../node_modules/next/dist/client/components/layout-router.js:153:9)
    at ScrollAndFocusHandler (webpack-internal:///(app-pages-browser)/../node_modules/next/dist/client/components/layout-router.js:228:11)
    at RenderFromTemplateContext (webpack-internal:///(app-pages-browser)/../node_modules/next/dist/client/components/render-from-template-context.js:16:44)
    at OuterLayoutRouter (webpack-internal:///(app-pages-browser)/../node_modules/next/dist/client/components/layout-router.js:370:11)
    at SmoothScroll (webpack-internal:///(app-pages-browser)/./components/providers/SmoothScroll.tsx:22:11)
    at MotionProvider (webpack-internal:///(app-pages-browser)/./components/providers/MotionProvider.tsx:21:11)
    at Providers (webpack-internal:///(app-pages-browser)/./components/providers/Providers.tsx:20:11)
    at body
    at html
    at RootLayout (Server)
    at RedirectErrorBoundary (webpack-internal:///(app-pages-browser)/../node_modules/next/dist/client/components/redirect-boundary.js:74:9)
    at RedirectBoundary (webpack-internal:///(app-pages-browser)/../node_modules/next/dist/client/components/redirect-boundary.js:82:11)
    at NotFoundErrorBoundary (webpack-internal:///(app-pages-browser)/../node_modules/next/dist/client/components/not-found-boundary.js:76:9)
    at NotFoundBoundary (webpack-internal:///(app-pages-browser)/../node_modules/next/dist/client/components/not-found-boundary.js:84:11)
    at DevRootNotFoundBoundary (webpack-internal:///(app-pages-browser)/../node_modules/next/dist/client/components/dev-root-not-found-boundary.js:33:11)
    at ReactDevOverlay (webpack-internal:///(app-pages-browser)/../node_modules/next/dist/client/components/react-dev-overlay/app/ReactDevOverlay.js:87:9)
    at HotReload (webpack-internal:///(app-pages-browser)/../node_modules/next/dist/client/components/react-dev-overlay/app/hot-reloader-client.js:321:11)
    at Router (webpack-internal:///(app-pages-browser)/../node_modules/next/dist/client/components/app-router.js:207:11)
    at ErrorBoundaryHandler (webpack-internal:///(app-pages-browser)/../node_modules/next/dist/client/components/error-boundary.js:113:9)
    at ErrorBoundary (webpack-internal:///(app-pages-browser)/../node_modules/next/dist/client/components/error-boundary.js:160:11)
    at AppRouter (webpack-internal:///(app-pages-browser)/../node_modules/next/dist/client/components/app-router.js:585:13)
    at ServerRoot (webpack-internal:///(app-pages-browser)/../node_modules/next/dist/client/app-index.js:112:27)
    at Root (webpack-internal:///(app-pages-browser)/../node_modules/next/dist/client/app-index.js:117:11)

React will try to recreate this component tree from scratch using the error boundary you provided, ReactDevOverlay. @ webpack-internal:///(app-pages-browser)/../node_modules/next/dist/client/app-index.js:32
[18611239ms] [LOG] THREE.WebGLRenderer: Context Lost. @ webpack-internal:///(app-pages-browser)/../node_modules/three/build/three.module.js:29947
[18612912ms] [LOG] [Fast Refresh] rebuilding @ webpack-internal:///(app-pages-browser)/../node_modules/next/dist/client/components/react-dev-overlay/app/hot-reloader-client.js:186
[18613351ms] [INFO] %cDownload the React DevTools for a better development experience: https://reactjs.org/link/react-devtools font-weight:bold @ webpack-internal:///(app-pages-browser)/../node_modules/next/dist/compiled/react-dom/cjs/react-dom.development.js:38559
[18613422ms] [LOG] %c
      /\_/\
     ( o.o )   MEEKO SEES YOU.
      > ^ <
   You found the litter box.
   The prophecy is real.
 color:#C8FF00;font-family:monospace;font-size:12px;font-weight:bold; @ webpack-internal:///(app-pages-browser)/./components/eggs/EggLayer.tsx:25
[18613433ms] [LOG] %c
      /\_/\
     ( o.o )   MEEKO SEES YOU.
      > ^ <
   You found the litter box.
   The prophecy is real.
 color:#C8FF00;font-family:monospace;font-size:12px;font-weight:bold; @ webpack-internal:///(app-pages-browser)/./components/eggs/EggLayer.tsx:25
[18613465ms] [WARNING] Warning: <path> length cannot be measured when vector-effect is non-scaling-stroke and the element isn't proportionally scaled. @ webpack-internal:///(app-pages-browser)/../node_modules/gsap/DrawSVGPlugin.js:57
[18617791ms] [LOG] [Fast Refresh] rebuilding @ webpack-internal:///(app-pages-browser)/../node_modules/next/dist/client/components/react-dev-overlay/app/hot-reloader-client.js:186
[18617969ms] [LOG] [Fast Refresh] done in 178ms @ webpack-internal:///(app-pages-browser)/../node_modules/next/dist/client/components/react-dev-overlay/app/hot-reloader-client.js:43
[18626639ms] [INFO] %cDownload the React DevTools for a better development experience: https://reactjs.org/link/react-devtools font-weight:bold @ webpack-internal:///(app-pages-browser)/../node_modules/next/dist/compiled/react-dom/cjs/react-dom.development.js:38559
[18626683ms] [LOG] %c
      /\_/\
     ( o.o )   MEEKO SEES YOU.
      > ^ <
   You found the litter box.
   The prophecy is real.
 color:#C8FF00;font-family:monospace;font-size:12px;font-weight:bold; @ webpack-internal:///(app-pages-browser)/./components/eggs/EggLayer.tsx:25
[18626694ms] [LOG] %c
      /\_/\
     ( o.o )   MEEKO SEES YOU.
      > ^ <
   You found the litter box.
   The prophecy is real.
 color:#C8FF00;font-family:monospace;font-size:12px;font-weight:bold; @ webpack-internal:///(app-pages-browser)/./components/eggs/EggLayer.tsx:25
[18626722ms] [WARNING] Warning: <path> length cannot be measured when vector-effect is non-scaling-stroke and the element isn't proportionally scaled. @ webpack-internal:///(app-pages-browser)/../node_modules/gsap/DrawSVGPlugin.js:57
[18674241ms] [INFO] %cDownload the React DevTools for a better development experience: https://reactjs.org/link/react-devtools font-weight:bold @ webpack-internal:///(app-pages-browser)/../node_modules/next/dist/compiled/react-dom/cjs/react-dom.development.js:38559
[18674311ms] [LOG] %c
      /\_/\
     ( o.o )   MEEKO SEES YOU.
      > ^ <
   You found the litter box.
   The prophecy is real.
 color:#C8FF00;font-family:monospace;font-size:12px;font-weight:bold; @ webpack-internal:///(app-pages-browser)/./components/eggs/EggLayer.tsx:25
[18674321ms] [LOG] %c
      /\_/\
     ( o.o )   MEEKO SEES YOU.
      > ^ <
   You found the litter box.
   The prophecy is real.
 color:#C8FF00;font-family:monospace;font-size:12px;font-weight:bold; @ webpack-internal:///(app-pages-browser)/./components/eggs/EggLayer.tsx:25
[18674351ms] [WARNING] Warning: <path> length cannot be measured when vector-effect is non-scaling-stroke and the element isn't proportionally scaled. @ webpack-internal:///(app-pages-browser)/../node_modules/gsap/DrawSVGPlugin.js:57
