[     350ms] [INFO] %cDownload the React DevTools for a better development experience: https://reactjs.org/link/react-devtools font-weight:bold @ webpack-internal:///(app-pages-browser)/../node_modules/next/dist/compiled/react-dom/cjs/react-dom.development.js:38559
[     432ms] [LOG] %c
      /\_/\
     ( o.o )   MEEKO SEES YOU.
      > ^ <
   You found the litter box.
   The prophecy is real.
 color:#C8FF00;font-family:monospace;font-size:12px;font-weight:bold; @ webpack-internal:///(app-pages-browser)/./components/eggs/EggLayer.tsx:25
[     447ms] [LOG] %c
      /\_/\
     ( o.o )   MEEKO SEES YOU.
      > ^ <
   You found the litter box.
   The prophecy is real.
 color:#C8FF00;font-family:monospace;font-size:12px;font-weight:bold; @ webpack-internal:///(app-pages-browser)/./components/eggs/EggLayer.tsx:25
[     483ms] [WARNING] Warning: <path> length cannot be measured when vector-effect is non-scaling-stroke and the element isn't proportionally scaled. @ webpack-internal:///(app-pages-browser)/../node_modules/gsap/DrawSVGPlugin.js:57
[   58408ms] [LOG] [Fast Refresh] rebuilding @ webpack-internal:///(app-pages-browser)/../node_modules/next/dist/client/components/react-dev-overlay/app/hot-reloader-client.js:186
[   58667ms] [LOG] [Fast Refresh] done in 259ms @ webpack-internal:///(app-pages-browser)/../node_modules/next/dist/client/components/react-dev-overlay/app/hot-reloader-client.js:43
[   61248ms] [LOG] [Fast Refresh] rebuilding @ webpack-internal:///(app-pages-browser)/../node_modules/next/dist/client/components/react-dev-overlay/app/hot-reloader-client.js:186
[   61404ms] [LOG] [Fast Refresh] done in 156ms @ webpack-internal:///(app-pages-browser)/../node_modules/next/dist/client/components/react-dev-overlay/app/hot-reloader-client.js:43
[   61920ms] [LOG] THREE.WebGLRenderer: Context Lost. @ webpack-internal:///(app-pages-browser)/../node_modules/three/build/three.module.js:29947
[   63522ms] [LOG] [Fast Refresh] rebuilding @ webpack-internal:///(app-pages-browser)/../node_modules/next/dist/client/components/react-dev-overlay/app/hot-reloader-client.js:186
[   63676ms] [LOG] [Fast Refresh] done in 153ms @ webpack-internal:///(app-pages-browser)/../node_modules/next/dist/client/components/react-dev-overlay/app/hot-reloader-client.js:43
[   65427ms] [LOG] [Fast Refresh] rebuilding @ webpack-internal:///(app-pages-browser)/../node_modules/next/dist/client/components/react-dev-overlay/app/hot-reloader-client.js:186
[   65602ms] [LOG] [Fast Refresh] done in 175ms @ webpack-internal:///(app-pages-browser)/../node_modules/next/dist/client/components/react-dev-overlay/app/hot-reloader-client.js:43
